<?xml version="1.0" encoding="UTF-8"?>
<testsuite name="Ques4Spec" tests="1" skipped="0" failures="0" errors="0" timestamp="2017-03-21T10:56:08" hostname="sargam-sachdeva" time="0.044">
  <properties/>
  <testcase name="welcomePersonTestUsingWhere" classname="Ques4Spec" time="0.044"/>
  <system-out><![CDATA[]]></system-out>
  <system-err><![CDATA[]]></system-err>
</testsuite>
