<?xml version="1.0" encoding="UTF-8"?>
<testsuite name="Ques7Spec" tests="1" skipped="0" failures="0" errors="0" timestamp="2017-03-21T15:07:59" hostname="sargam-sachdeva" time="0.057">
  <properties/>
  <testcase name="getlastName" classname="Ques7Spec" time="0.057"/>
  <system-out><![CDATA[22
Sargam
]]></system-out>
  <system-err><![CDATA[]]></system-err>
</testsuite>
