<?xml version="1.0" encoding="UTF-8"?>
<testsuite name="Ques1Spec" tests="2" skipped="1" failures="0" errors="0" timestamp="2017-03-21T09:18:49" hostname="sargam-sachdeva" time="0.068">
  <properties/>
  <testcase name="replaceSubstring" classname="Ques1Spec" time="0.0">
    <skipped/>
  </testcase>
  <testcase name="errorSubstring" classname="Ques1Spec" time="0.068"/>
  <system-out><![CDATA[]]></system-out>
  <system-err><![CDATA[]]></system-err>
</testsuite>
