<?xml version="1.0" encoding="UTF-8"?>
<testsuite name="Ques5Spec" tests="1" skipped="0" failures="0" errors="0" timestamp="2017-03-22T09:09:45" hostname="sargam-sachdeva" time="0.097">
  <properties/>
  <testcase name="commonElements" classname="Ques5Spec" time="0.097"/>
  <system-out><![CDATA[]]></system-out>
  <system-err><![CDATA[]]></system-err>
</testsuite>
