<?xml version="1.0" encoding="UTF-8"?>
<testsuite name="Ques9Spec" tests="1" skipped="0" failures="0" errors="0" timestamp="2017-03-22T08:55:39" hostname="sargam-sachdeva" time="0.06">
  <properties/>
  <testcase name="printContent" classname="Ques9Spec" time="0.06"/>
  <system-out><![CDATA[]]></system-out>
  <system-err><![CDATA[]]></system-err>
</testsuite>
